{"name": "testcase16", "status": "broken", "statusDetails": {"message": "selenium.common.exceptions.NoSuchElementException: Message: no such element: Unable to locate element: {\"method\":\"link text\",\"selector\":\"A Legacy of Leadership\"}\n  (Session info: chrome=96.0.4664.110)\nStacktrace:\nBacktrace:\n\tOrdinal0 [0x00F806F3+2492147]\n\tOrdinal0 [0x00F19BD1+2071505]\n\tOrdinal0 [0x00E22478+1057912]\n\tOrdinal0 [0x00E4C964+1231204]\n\tOrdinal0 [0x00E76B62+1403746]\n\tOrdinal0 [0x00E657FA+1333242]\n\tOrdinal0 [0x00E74F38+1396536]\n\tOrdinal0 [0x00E6568B+1332875]\n\tOrdinal0 [0x00E421D4+1188308]\n\tOrdinal0 [0x00E4302F+1191983]\n\tGetHandleVerifier [0x011067A6+1545030]\n\tGetHandleVerifier [0x011B105C+2243580]\n\tGetHandleVerifier [0x0100BC97+518199]\n\tGetHandleVerifier [0x0100AD80+514336]\n\tOrdinal0 [0x00F1ED2D+2092333]\n\tOrdinal0 [0x00F22EE8+2109160]\n\tOrdinal0 [0x00F23022+2109474]\n\tOrdinal0 [0x00F2CB71+2149233]\n\tBaseThreadInitThunk [0x75CCFA29+25]\n\tRtlGetAppContainerNamedObjectPath [0x77357A9E+286]\n\tRtlGetAppContainerNamedObjectPath [0x77357A6E+238]", "trace": "@allure.severity(allure.severity_level.CRITICAL)\n    def testcase16():\n        # Click on the About Us\n        driver.find_element(By.XPATH, \"//*[@id='menu-item-36872']\").click()\n        time.sleep(2)\n        # Click on the \"A Legacy Of Membership\"\n>       driver.find_element(By.LINK_TEXT, \"A Legacy of Leadership\").click()\n\nrough6.py:234: \n_ _ _ _ _ _ _ _ _ _ _ _ _ _ _ _ _ _ _ _ _ _ _ _ _ _ _ _ _ _ _ _ _ _ _ _ _ _ _ _ _ _ _ _ _ _ _ _ _ _ _ _ _ _ _ _ _ _ _ _ _ _ _ _ _ _ _ _ _ _ _ _ _ _ _ _ _ _ _ _ _ _ _ _ _ _ _ _ _ _ _ _ _ \nvenv\\lib\\site-packages\\selenium\\webdriver\\remote\\webdriver.py:1238: in find_element\n    return self.execute(Command.FIND_ELEMENT, {\nvenv\\lib\\site-packages\\selenium\\webdriver\\remote\\webdriver.py:418: in execute\n    self.error_handler.check_response(response)\n_ _ _ _ _ _ _ _ _ _ _ _ _ _ _ _ _ _ _ _ _ _ _ _ _ _ _ _ _ _ _ _ _ _ _ _ _ _ _ _ _ _ _ _ _ _ _ _ _ _ _ _ _ _ _ _ _ _ _ _ _ _ _ _ _ _ _ _ _ _ _ _ _ _ _ _ _ _ _ _ _ _ _ _ _ _ _ _ _ _ _ _ _ \n\nself = <selenium.webdriver.remote.errorhandler.ErrorHandler object at 0x00000163BE632310>\nresponse = {'status': 404, 'value': '{\"value\":{\"error\":\"no such element\",\"message\":\"no such element: Unable to locate element: {\\...\\n\\\\tRtlGetAppContainerNamedObjectPath [0x77357A9E+286]\\\\n\\\\tRtlGetAppContainerNamedObjectPath [0x77357A6E+238]\\\\n\"}}'}\n\n    def check_response(self, response: Dict[str, Any]) -> None:\n        \"\"\"\n        Checks that a JSON response from the WebDriver does not have an error.\n    \n        :Args:\n         - response - The JSON response from the WebDriver server as a dictionary\n           object.\n    \n        :Raises: If the response contains an error message.\n        \"\"\"\n        status = response.get('status', None)\n        if not status or status == ErrorCode.SUCCESS:\n            return\n        value = None\n        message = response.get(\"message\", \"\")\n        screen: str = response.get(\"screen\", \"\")\n        stacktrace = None\n        if isinstance(status, int):\n            value_json = response.get('value', None)\n            if value_json and isinstance(value_json, str):\n                import json\n                try:\n                    value = json.loads(value_json)\n                    if len(value.keys()) == 1:\n                        value = value['value']\n                    status = value.get('error', None)\n                    if not status:\n                        status = value.get(\"status\", ErrorCode.UNKNOWN_ERROR)\n                        message = value.get(\"value\") or value.get(\"message\")\n                        if not isinstance(message, str):\n                            value = message\n                            message = message.get('message')\n                    else:\n                        message = value.get('message', None)\n                except ValueError:\n                    pass\n    \n        exception_class: Type[WebDriverException]\n        if status in ErrorCode.NO_SUCH_ELEMENT:\n            exception_class = NoSuchElementException\n        elif status in ErrorCode.NO_SUCH_FRAME:\n            exception_class = NoSuchFrameException\n        elif status in ErrorCode.NO_SUCH_WINDOW:\n            exception_class = NoSuchWindowException\n        elif status in ErrorCode.STALE_ELEMENT_REFERENCE:\n            exception_class = StaleElementReferenceException\n        elif status in ErrorCode.ELEMENT_NOT_VISIBLE:\n            exception_class = ElementNotVisibleException\n        elif status in ErrorCode.INVALID_ELEMENT_STATE:\n            exception_class = InvalidElementStateException\n        elif status in ErrorCode.INVALID_SELECTOR \\\n                or status in ErrorCode.INVALID_XPATH_SELECTOR \\\n                or status in ErrorCode.INVALID_XPATH_SELECTOR_RETURN_TYPER:\n            exception_class = InvalidSelectorException\n        elif status in ErrorCode.ELEMENT_IS_NOT_SELECTABLE:\n            exception_class = ElementNotSelectableException\n        elif status in ErrorCode.ELEMENT_NOT_INTERACTABLE:\n            exception_class = ElementNotInteractableException\n        elif status in ErrorCode.INVALID_COOKIE_DOMAIN:\n            exception_class = InvalidCookieDomainException\n        elif status in ErrorCode.UNABLE_TO_SET_COOKIE:\n            exception_class = UnableToSetCookieException\n        elif status in ErrorCode.TIMEOUT:\n            exception_class = TimeoutException\n        elif status in ErrorCode.SCRIPT_TIMEOUT:\n            exception_class = TimeoutException\n        elif status in ErrorCode.UNKNOWN_ERROR:\n            exception_class = WebDriverException\n        elif status in ErrorCode.UNEXPECTED_ALERT_OPEN:\n            exception_class = UnexpectedAlertPresentException\n        elif status in ErrorCode.NO_ALERT_OPEN:\n            exception_class = NoAlertPresentException\n        elif status in ErrorCode.IME_NOT_AVAILABLE:\n            exception_class = ImeNotAvailableException\n        elif status in ErrorCode.IME_ENGINE_ACTIVATION_FAILED:\n            exception_class = ImeActivationFailedException\n        elif status in ErrorCode.MOVE_TARGET_OUT_OF_BOUNDS:\n            exception_class = MoveTargetOutOfBoundsException\n        elif status in ErrorCode.JAVASCRIPT_ERROR:\n            exception_class = JavascriptException\n        elif status in ErrorCode.SESSION_NOT_CREATED:\n            exception_class = SessionNotCreatedException\n        elif status in ErrorCode.INVALID_ARGUMENT:\n            exception_class = InvalidArgumentException\n        elif status in ErrorCode.NO_SUCH_COOKIE:\n            exception_class = NoSuchCookieException\n        elif status in ErrorCode.UNABLE_TO_CAPTURE_SCREEN:\n            exception_class = ScreenshotException\n        elif status in ErrorCode.ELEMENT_CLICK_INTERCEPTED:\n            exception_class = ElementClickInterceptedException\n        elif status in ErrorCode.INSECURE_CERTIFICATE:\n            exception_class = InsecureCertificateException\n        elif status in ErrorCode.INVALID_COORDINATES:\n            exception_class = InvalidCoordinatesException\n        elif status in ErrorCode.INVALID_SESSION_ID:\n            exception_class = InvalidSessionIdException\n        elif status in ErrorCode.UNKNOWN_METHOD:\n            exception_class = UnknownMethodException\n        else:\n            exception_class = WebDriverException\n        if not value:\n            value = response['value']\n        if isinstance(value, str):\n            raise exception_class(value)\n        if message == \"\" and 'message' in value:\n            message = value['message']\n    \n        screen = None  # type: ignore[assignment]\n        if 'screen' in value:\n            screen = value['screen']\n    \n        stacktrace = None\n        st_value = value.get('stackTrace') or value.get('stacktrace')\n        if st_value:\n            if isinstance(st_value, str):\n                stacktrace = st_value.split('\\n')\n            else:\n                stacktrace = []\n                try:\n                    for frame in st_value:\n                        line = self._value_or_default(frame, 'lineNumber', '')\n                        file = self._value_or_default(frame, 'fileName', '<anonymous>')\n                        if line:\n                            file = \"%s:%s\" % (file, line)\n                        meth = self._value_or_default(frame, 'methodName', '<anonymous>')\n                        if 'className' in frame:\n                            meth = \"%s.%s\" % (frame['className'], meth)\n                        msg = \"    at %s (%s)\"\n                        msg = msg % (meth, file)\n                        stacktrace.append(msg)\n                except TypeError:\n                    pass\n        if exception_class == UnexpectedAlertPresentException:\n            alert_text = None\n            if 'data' in value:\n                alert_text = value['data'].get('text')\n            elif 'alert' in value:\n                alert_text = value['alert'].get('text')\n            raise exception_class(message, screen, stacktrace, alert_text)  # type: ignore[call-arg]  # mypy is not smart enough here\n>       raise exception_class(message, screen, stacktrace)\nE       selenium.common.exceptions.NoSuchElementException: Message: no such element: Unable to locate element: {\"method\":\"link text\",\"selector\":\"A Legacy of Leadership\"}\nE         (Session info: chrome=96.0.4664.110)\nE       Stacktrace:\nE       Backtrace:\nE       \tOrdinal0 [0x00F806F3+2492147]\nE       \tOrdinal0 [0x00F19BD1+2071505]\nE       \tOrdinal0 [0x00E22478+1057912]\nE       \tOrdinal0 [0x00E4C964+1231204]\nE       \tOrdinal0 [0x00E76B62+1403746]\nE       \tOrdinal0 [0x00E657FA+1333242]\nE       \tOrdinal0 [0x00E74F38+1396536]\nE       \tOrdinal0 [0x00E6568B+1332875]\nE       \tOrdinal0 [0x00E421D4+1188308]\nE       \tOrdinal0 [0x00E4302F+1191983]\nE       \tGetHandleVerifier [0x011067A6+1545030]\nE       \tGetHandleVerifier [0x011B105C+2243580]\nE       \tGetHandleVerifier [0x0100BC97+518199]\nE       \tGetHandleVerifier [0x0100AD80+514336]\nE       \tOrdinal0 [0x00F1ED2D+2092333]\nE       \tOrdinal0 [0x00F22EE8+2109160]\nE       \tOrdinal0 [0x00F23022+2109474]\nE       \tOrdinal0 [0x00F2CB71+2149233]\nE       \tBaseThreadInitThunk [0x75CCFA29+25]\nE       \tRtlGetAppContainerNamedObjectPath [0x77357A9E+286]\nE       \tRtlGetAppContainerNamedObjectPath [0x77357A6E+238]\n\nvenv\\lib\\site-packages\\selenium\\webdriver\\remote\\errorhandler.py:243: NoSuchElementException"}, "start": 1640985310205, "stop": 1640985322853, "uuid": "fc024b2b-bfc7-446d-bf99-8f6feffd002a", "historyId": "e16201b220d4d400c2af00c3b1f6ed7e", "testCaseId": "7a66a761e81e2509842c2a96db2b3744", "fullName": "rough6#testcase16", "labels": [{"name": "severity", "value": "critical"}, {"name": "suite", "value": "rough6"}, {"name": "host", "value": "Aniket-Gupta"}, {"name": "thread", "value": "13928-MainThread"}, {"name": "framework", "value": "pytest"}, {"name": "language", "value": "cpython3"}, {"name": "package", "value": "rough6"}]}